[debug] [2024-07-07T09:30:43.203Z] ----------------------------------------------------------------------
[debug] [2024-07-07T09:30:43.206Z] Command:       C:\Program Files\nodejs\node.exe C:\Users\HP\AppData\Roaming\npm\node_modules\firebase-tools\lib\bin\firebase.js init
[debug] [2024-07-07T09:30:43.206Z] CLI Version:   13.13.0
[debug] [2024-07-07T09:30:43.207Z] Platform:      win32
[debug] [2024-07-07T09:30:43.207Z] Node Version:  v21.3.0
[debug] [2024-07-07T09:30:43.207Z] Time:          Sun Jul 07 2024 15:00:43 GMT+0530 (India Standard Time)
[debug] [2024-07-07T09:30:43.207Z] ----------------------------------------------------------------------
[debug] 
[debug] [2024-07-07T09:30:43.217Z] > command requires scopes: ["email","openid","https://www.googleapis.com/auth/cloudplatformprojects.readonly","https://www.googleapis.com/auth/firebase","https://www.googleapis.com/auth/cloud-platform"]
[debug] [2024-07-07T09:30:43.218Z] > authorizing via signed-in user (kaustavray2004@gmail.com)
[info] 
     ######## #### ########  ######## ########     ###     ######  ########
     ##        ##  ##     ## ##       ##     ##  ##   ##  ##       ##
     ######    ##  ########  ######   ########  #########  ######  ######
     ##        ##  ##    ##  ##       ##     ## ##     ##       ## ##
     ##       #### ##     ## ######## ########  ##     ##  ######  ########

You're about to initialize a Firebase project in this directory:

  C:\Users\HP\Desktop\youtube-music

[info] 
=== Project Setup
[info] 
[info] First, let's associate this project directory with a Firebase project.
[info] You can create multiple project aliases by running firebase use --add, 
[info] but for now we'll just set up a default project.
[info] 
[debug] [2024-07-07T09:31:39.847Z] >>> [apiv2][query] GET https://firebase.googleapis.com/v1beta1/projects pageSize=100
[debug] [2024-07-07T09:31:40.865Z] <<< [apiv2][status] GET https://firebase.googleapis.com/v1beta1/projects 200
[debug] [2024-07-07T09:31:40.865Z] <<< [apiv2][body] GET https://firebase.googleapis.com/v1beta1/projects [omitted]
[info] i  Using project yt-music-clone-54d4f (yt-music-clone) 
[info] 
=== Database Setup
[info] i  database: ensuring required API firebasedatabase.googleapis.com is enabled... 
[debug] [2024-07-07T09:31:43.915Z] >>> [apiv2][query] GET https://serviceusage.googleapis.com/v1/projects/yt-music-clone-54d4f/services/firebasedatabase.googleapis.com [none]
[debug] [2024-07-07T09:31:43.915Z] >>> [apiv2][(partial)header] GET https://serviceusage.googleapis.com/v1/projects/yt-music-clone-54d4f/services/firebasedatabase.googleapis.com x-goog-quota-user=projects/yt-music-clone-54d4f
[debug] [2024-07-07T09:31:45.932Z] <<< [apiv2][status] GET https://serviceusage.googleapis.com/v1/projects/yt-music-clone-54d4f/services/firebasedatabase.googleapis.com 200
[debug] [2024-07-07T09:31:45.932Z] <<< [apiv2][body] GET https://serviceusage.googleapis.com/v1/projects/yt-music-clone-54d4f/services/firebasedatabase.googleapis.com [omitted]
[warn] !  database: missing required API firebasedatabase.googleapis.com. Enabling now... 
[debug] [2024-07-07T09:31:45.933Z] >>> [apiv2][query] POST https://serviceusage.googleapis.com/v1/projects/yt-music-clone-54d4f/services/firebasedatabase.googleapis.com:enable [none]
[debug] [2024-07-07T09:31:45.933Z] >>> [apiv2][(partial)header] POST https://serviceusage.googleapis.com/v1/projects/yt-music-clone-54d4f/services/firebasedatabase.googleapis.com:enable x-goog-quota-user=projects/yt-music-clone-54d4f
[debug] [2024-07-07T09:31:46.525Z] <<< [apiv2][status] POST https://serviceusage.googleapis.com/v1/projects/yt-music-clone-54d4f/services/firebasedatabase.googleapis.com:enable 200
[debug] [2024-07-07T09:31:46.525Z] <<< [apiv2][body] POST https://serviceusage.googleapis.com/v1/projects/yt-music-clone-54d4f/services/firebasedatabase.googleapis.com:enable [omitted]
[debug] [2024-07-07T09:31:56.537Z] >>> [apiv2][query] GET https://serviceusage.googleapis.com/v1/projects/yt-music-clone-54d4f/services/firebasedatabase.googleapis.com [none]
[debug] [2024-07-07T09:31:56.538Z] >>> [apiv2][(partial)header] GET https://serviceusage.googleapis.com/v1/projects/yt-music-clone-54d4f/services/firebasedatabase.googleapis.com x-goog-quota-user=projects/yt-music-clone-54d4f
[debug] [2024-07-07T09:31:58.397Z] <<< [apiv2][status] GET https://serviceusage.googleapis.com/v1/projects/yt-music-clone-54d4f/services/firebasedatabase.googleapis.com 200
[debug] [2024-07-07T09:31:58.397Z] <<< [apiv2][body] GET https://serviceusage.googleapis.com/v1/projects/yt-music-clone-54d4f/services/firebasedatabase.googleapis.com [omitted]
[info] +  database: required API firebasedatabase.googleapis.com is enabled 
[info] 
[debug] [2024-07-07T09:31:58.401Z] >>> [apiv2][query] GET https://firebase.googleapis.com/v1beta1/projects/yt-music-clone-54d4f [none]
[debug] [2024-07-07T09:31:58.920Z] <<< [apiv2][status] GET https://firebase.googleapis.com/v1beta1/projects/yt-music-clone-54d4f 200
[debug] [2024-07-07T09:31:58.921Z] <<< [apiv2][body] GET https://firebase.googleapis.com/v1beta1/projects/yt-music-clone-54d4f {"projectId":"yt-music-clone-54d4f","projectNumber":"47256296388","displayName":"yt-music-clone","name":"projects/yt-music-clone-54d4f","resources":{"hostingSite":"yt-music-clone-54d4f"},"state":"ACTIVE","etag":"1_b0915e9f-97ec-4a76-978b-42e634fb947f"}
[debug] [2024-07-07T09:32:08.642Z] >>> [apiv2][query] POST https://firebasedatabase.googleapis.com/v1beta/projects/yt-music-clone-54d4f/locations/us-central1/instances databaseId=yt-music-clone-54d4f-default-rtdb&validateOnly=true
[debug] [2024-07-07T09:32:08.642Z] >>> [apiv2][body] POST https://firebasedatabase.googleapis.com/v1beta/projects/yt-music-clone-54d4f/locations/us-central1/instances {"type":"default_database"}
[debug] [2024-07-07T09:32:10.732Z] <<< [apiv2][status] POST https://firebasedatabase.googleapis.com/v1beta/projects/yt-music-clone-54d4f/locations/us-central1/instances 200
[debug] [2024-07-07T09:32:10.732Z] <<< [apiv2][body] POST https://firebasedatabase.googleapis.com/v1beta/projects/yt-music-clone-54d4f/locations/us-central1/instances {"name":"projects/47256296388/locations/us-central1/instances/yt-music-clone-54d4f-default-rtdb","project":"projects/47256296388","databaseUrl":"https://yt-music-clone-54d4f-default-rtdb.firebaseio.com","type":"DEFAULT_DATABASE","state":"ACTIVE"}
[debug] [2024-07-07T09:32:10.733Z] >>> [apiv2][query] POST https://firebasedatabase.googleapis.com/v1beta/projects/yt-music-clone-54d4f/locations/us-central1/instances databaseId=yt-music-clone-54d4f-default-rtdb
[debug] [2024-07-07T09:32:10.733Z] >>> [apiv2][body] POST https://firebasedatabase.googleapis.com/v1beta/projects/yt-music-clone-54d4f/locations/us-central1/instances {"type":"default_database"}
[debug] [2024-07-07T09:32:11.374Z] <<< [apiv2][status] POST https://firebasedatabase.googleapis.com/v1beta/projects/yt-music-clone-54d4f/locations/us-central1/instances 200
[debug] [2024-07-07T09:32:11.374Z] <<< [apiv2][body] POST https://firebasedatabase.googleapis.com/v1beta/projects/yt-music-clone-54d4f/locations/us-central1/instances {"name":"projects/47256296388/locations/us-central1/instances/yt-music-clone-54d4f-default-rtdb","project":"projects/47256296388","databaseUrl":"https://yt-music-clone-54d4f-default-rtdb.firebaseio.com","type":"DEFAULT_DATABASE","state":"ACTIVE"}
[info] 
[info] Firebase Realtime Database Security Rules allow you to define how your data should be
[info] structured and when your data can be read from and written to.
[info] 
